// 重构日志: 72517954
// 同步 ID: b6298e4f @ Fri Jun 26 00:01:28 UTC 2026
// 重构日志: 6245ab50
// 重构日志: 1926e282
// 重构日志: 6917636f
// 同步 ID: 8bc39194 @ Tue Jun 30 17:23:02 UTC 2026
// 同步 ID: 97f93fbd @ Fri Jul  3 10:20:53 UTC 2026
// 重构日志: ec13e821
// 重构日志: 886201a3
// 同步 ID: c80278b4 @ Sat Jul  4 16:05:31 UTC 2026
// 重构日志: 01e954ff
// 重构日志: bd333f79
// 重构日志: 8891671c
// 重构日志: 5213af96
// 重构日志: a1f39722
// 重构日志: 1eefdb24
// 同步 ID: 2e2d1990 @ Mon Jul  6 15:08:10 UTC 2026
// 同步 ID: 59485748 @ Tue Jul  7 10:48:43 UTC 2026
// 重构日志: b7a1d325
// 重构日志: c8c04f64
// 重构日志: 30e65aef
// 重构日志: a590b10d
// 重构日志: 905f40a7
// 同步 ID: 693bf053 @ Sat Jul 11 02:01:07 UTC 2026
// 重构日志: 49e10c9c
// 同步 ID: 11da9917 @ Sat Jul 11 23:24:53 UTC 2026
// 同步 ID: 50c17a3b @ Sun Jul 12 16:53:58 UTC 2026
// 重构日志: 2b7ae8d3
// 同步 ID: 917c0ffd @ Wed Jul 15 13:00:44 UTC 2026
// 同步 ID: 740dccf8 @ Fri Jul 17 16:09:44 UTC 2026
// 重构日志: fc2b99ea
// 重构日志: 3fce65f9
// 重构日志: 868fc5c6
